[debug] [2021-05-27T09:35:53.518Z] ----------------------------------------------------------------------
[debug] [2021-05-27T09:35:53.519Z] Command:       /usr/local/Cellar/node/16.0.0_1/bin/node /usr/local/bin/firebase emulators:start --only functions
[debug] [2021-05-27T09:35:53.519Z] CLI Version:   9.11.0
[debug] [2021-05-27T09:35:53.519Z] Platform:      darwin
[debug] [2021-05-27T09:35:53.519Z] Node Version:  v16.0.0
[debug] [2021-05-27T09:35:53.520Z] Time:          Thu May 27 2021 12:35:53 GMT+0300 (Eastern European Summer Time)
[debug] [2021-05-27T09:35:53.520Z] ----------------------------------------------------------------------
[debug] 
[debug] [2021-05-27T09:35:53.528Z] > command requires scopes: ["email","openid","https://www.googleapis.com/auth/cloudplatformprojects.readonly","https://www.googleapis.com/auth/firebase","https://www.googleapis.com/auth/cloud-platform"]
[debug] [2021-05-27T09:35:53.528Z] > authorizing via signed-in user (axel.ej.adlercreutz@gmail.com)
[info] i  emulators: Starting emulators: functions {"metadata":{"emulator":{"name":"hub"},"message":"Starting emulators: functions"}}
[debug] [2021-05-27T09:35:53.547Z] [hub] writing locator at /var/folders/8z/s8zw06850n1gkcv3hrfmx3r00000gn/T/hub-angular-todo-68ebc.json
[warn] ⚠  functions: The following emulators are not running, calls to these services from the Functions emulator will affect production: auth, firestore, database, hosting, pubsub, storage {"metadata":{"emulator":{"name":"functions"},"message":"The following emulators are not running, calls to these services from the Functions emulator will affect production: \u001b[1mauth, firestore, database, hosting, pubsub, storage\u001b[22m"}}
[warn] ⚠  Your requested "node" version "12" doesn't match your global version "16" {"metadata":{"emulator":{"name":"functions"},"message":"Your requested \"node\" version \"12\" doesn't match your global version \"16\""}}
[debug] [2021-05-27T09:35:53.595Z] defaultcredentials: writing to file /Users/axel/.config/firebase/axel_ej.adlercreutz_gmail.com_application_default_credentials.json
[debug] [2021-05-27T09:35:53.598Z] Setting GAC to /Users/axel/.config/firebase/axel_ej.adlercreutz_gmail.com_application_default_credentials.json {"metadata":{"emulator":{"name":"functions"},"message":"Setting GAC to /Users/axel/.config/firebase/axel_ej.adlercreutz_gmail.com_application_default_credentials.json"}}
[debug] [2021-05-27T09:35:53.600Z] >>> [apiv2][query] GET https://firebase.googleapis.com/v1beta1/projects/angular-todo-68ebc/adminSdkConfig [none]
[debug] [2021-05-27T09:35:54.034Z] <<< [apiv2][status] GET https://firebase.googleapis.com/v1beta1/projects/angular-todo-68ebc/adminSdkConfig 200
[debug] [2021-05-27T09:35:54.035Z] <<< [apiv2][body] GET https://firebase.googleapis.com/v1beta1/projects/angular-todo-68ebc/adminSdkConfig {"projectId":"angular-todo-68ebc","databaseURL":"https://angular-todo-68ebc-default-rtdb.europe-west1.firebasedatabase.app","storageBucket":"angular-todo-68ebc.appspot.com","locationId":"europe-west"}
[debug] [2021-05-27T09:35:54.333Z] Ignoring unsupported arg: auto_download {"metadata":{"emulator":{"name":"ui"},"message":"Ignoring unsupported arg: auto_download"}}
[debug] [2021-05-27T09:35:54.334Z] Ignoring unsupported arg: port {"metadata":{"emulator":{"name":"ui"},"message":"Ignoring unsupported arg: port"}}
[debug] [2021-05-27T09:35:54.334Z] Starting Emulator UI with command {"binary":"node","args":["/Users/axel/.cache/firebase/emulators/ui-v1.5.0/server.bundle.js"],"optionalArgs":[],"joinArgs":false} {"metadata":{"emulator":{"name":"ui"},"message":"Starting Emulator UI with command {\"binary\":\"node\",\"args\":[\"/Users/axel/.cache/firebase/emulators/ui-v1.5.0/server.bundle.js\"],\"optionalArgs\":[],\"joinArgs\":false}"}}
[info] i  ui: Emulator UI logging to ui-debug.log {"metadata":{"emulator":{"name":"ui"},"message":"Emulator UI logging to \u001b[1mui-debug.log\u001b[22m"}}
[debug] [2021-05-27T09:35:54.440Z] Web / API server started at http://localhost:4000
 {"metadata":{"emulator":{"name":"ui"},"message":"Web / API server started at http://localhost:4000\n"}}
[info] i  functions: Watching "/Users/axel/WebstormProjects/todo-app/server/functions" for Cloud Functions... {"metadata":{"emulator":{"name":"functions"},"message":"Watching \"/Users/axel/WebstormProjects/todo-app/server/functions\" for Cloud Functions..."}}
[debug] [2021-05-27T09:35:54.631Z] [worker-pool] addWorker(~diagnostic~) {"metadata":{"emulator":{"name":"functions"},"message":"[worker-pool] addWorker(~diagnostic~)"}}
[debug] [2021-05-27T09:35:54.631Z] [worker-pool] Adding worker with key ~diagnostic~, total=1 {"metadata":{"emulator":{"name":"functions"},"message":"[worker-pool] Adding worker with key ~diagnostic~, total=1"}}
[debug] [2021-05-27T09:35:54.631Z] [worker-pool] submitWork(triggerId=) {"metadata":{"emulator":{"name":"functions"},"message":"[worker-pool] submitWork(triggerId=)"}}
[debug] [2021-05-27T09:35:54.632Z] [worker-~diagnostic~-b2f96c3a-17b1-4536-bc8b-569314321a11]: Assigning socketPath: /var/folders/8z/s8zw06850n1gkcv3hrfmx3r00000gn/T/fire_emu_7630.sock {"metadata":{"emulator":{"name":"functions"},"message":"[worker-~diagnostic~-b2f96c3a-17b1-4536-bc8b-569314321a11]: Assigning socketPath: /var/folders/8z/s8zw06850n1gkcv3hrfmx3r00000gn/T/fire_emu_7630.sock"}}
[debug] [2021-05-27T09:35:54.632Z] [worker-~diagnostic~-b2f96c3a-17b1-4536-bc8b-569314321a11]: BUSY {"metadata":{"emulator":{"name":"functions"},"message":"[worker-~diagnostic~-b2f96c3a-17b1-4536-bc8b-569314321a11]: BUSY"}}
[debug] [2021-05-27T09:35:54.733Z] [runtime-status] [7630] Functions runtime initialized. {"cwd":"/Users/axel/WebstormProjects/todo-app/server/functions","node_version":"16.0.0"} {"metadata":{"emulator":{"name":"functions"},"message":"[runtime-status] [7630] Functions runtime initialized. {\"cwd\":\"/Users/axel/WebstormProjects/todo-app/server/functions\",\"node_version\":\"16.0.0\"}"}}
[debug] [2021-05-27T09:35:54.734Z] [runtime-status] [7630] Disabled runtime features: undefined {"metadata":{"emulator":{"name":"functions"},"message":"[runtime-status] [7630] Disabled runtime features: undefined"}}
[debug] [2021-05-27T09:35:54.736Z] [runtime-status] [7630] Resolved module firebase-admin {"declared":true,"installed":true,"version":"9.8.0","resolution":"/Users/axel/WebstormProjects/todo-app/server/functions/node_modules/firebase-admin/lib/index.js"} {"metadata":{"emulator":{"name":"functions"},"message":"[runtime-status] [7630] Resolved module firebase-admin {\"declared\":true,\"installed\":true,\"version\":\"9.8.0\",\"resolution\":\"/Users/axel/WebstormProjects/todo-app/server/functions/node_modules/firebase-admin/lib/index.js\"}"}}
[debug] [2021-05-27T09:35:54.737Z] [runtime-status] [7630] Resolved module firebase-functions {"declared":true,"installed":true,"version":"3.14.1","resolution":"/Users/axel/WebstormProjects/todo-app/server/functions/node_modules/firebase-functions/lib/index.js"} {"metadata":{"emulator":{"name":"functions"},"message":"[runtime-status] [7630] Resolved module firebase-functions {\"declared\":true,\"installed\":true,\"version\":\"3.14.1\",\"resolution\":\"/Users/axel/WebstormProjects/todo-app/server/functions/node_modules/firebase-functions/lib/index.js\"}"}}
[debug] [2021-05-27T09:35:54.738Z] [runtime-status] [7630] Resolved module firebase-functions {"declared":true,"installed":true,"version":"3.14.1","resolution":"/Users/axel/WebstormProjects/todo-app/server/functions/node_modules/firebase-functions/lib/index.js"} {"metadata":{"emulator":{"name":"functions"},"message":"[runtime-status] [7630] Resolved module firebase-functions {\"declared\":true,\"installed\":true,\"version\":\"3.14.1\",\"resolution\":\"/Users/axel/WebstormProjects/todo-app/server/functions/node_modules/firebase-functions/lib/index.js\"}"}}
[debug] [2021-05-27T09:35:54.739Z] [runtime-status] [7630] Outgoing network have been stubbed. [{"name":"http","status":"mocked"},{"name":"http","status":"mocked"},{"name":"https","status":"mocked"},{"name":"https","status":"mocked"},{"name":"net","status":"mocked"}] {"metadata":{"emulator":{"name":"functions"},"message":"[runtime-status] [7630] Outgoing network have been stubbed. [{\"name\":\"http\",\"status\":\"mocked\"},{\"name\":\"http\",\"status\":\"mocked\"},{\"name\":\"https\",\"status\":\"mocked\"},{\"name\":\"https\",\"status\":\"mocked\"},{\"name\":\"net\",\"status\":\"mocked\"}]"}}
[debug] [2021-05-27T09:35:54.739Z] [runtime-status] [7630] Resolved module firebase-functions {"declared":true,"installed":true,"version":"3.14.1","resolution":"/Users/axel/WebstormProjects/todo-app/server/functions/node_modules/firebase-functions/lib/index.js"} {"metadata":{"emulator":{"name":"functions"},"message":"[runtime-status] [7630] Resolved module firebase-functions {\"declared\":true,\"installed\":true,\"version\":\"3.14.1\",\"resolution\":\"/Users/axel/WebstormProjects/todo-app/server/functions/node_modules/firebase-functions/lib/index.js\"}"}}
[debug] [2021-05-27T09:35:54.770Z] [runtime-status] [7630] Checked functions.config() {"config":{}} {"metadata":{"emulator":{"name":"functions"},"message":"[runtime-status] [7630] Checked functions.config() {\"config\":{}}"}}
[debug] [2021-05-27T09:35:54.770Z] [runtime-status] [7630] firebase-functions has been stubbed. {"functionsResolution":{"declared":true,"installed":true,"version":"3.14.1","resolution":"/Users/axel/WebstormProjects/todo-app/server/functions/node_modules/firebase-functions/lib/index.js"}} {"metadata":{"emulator":{"name":"functions"},"message":"[runtime-status] [7630] firebase-functions has been stubbed. {\"functionsResolution\":{\"declared\":true,\"installed\":true,\"version\":\"3.14.1\",\"resolution\":\"/Users/axel/WebstormProjects/todo-app/server/functions/node_modules/firebase-functions/lib/index.js\"}}"}}
[debug] [2021-05-27T09:35:54.770Z] [runtime-status] [7630] Resolved module firebase-functions {"declared":true,"installed":true,"version":"3.14.1","resolution":"/Users/axel/WebstormProjects/todo-app/server/functions/node_modules/firebase-functions/lib/index.js"} {"metadata":{"emulator":{"name":"functions"},"message":"[runtime-status] [7630] Resolved module firebase-functions {\"declared\":true,\"installed\":true,\"version\":\"3.14.1\",\"resolution\":\"/Users/axel/WebstormProjects/todo-app/server/functions/node_modules/firebase-functions/lib/index.js\"}"}}
[debug] [2021-05-27T09:35:54.771Z] [runtime-status] [7630] Resolved module firebase-admin {"declared":true,"installed":true,"version":"9.8.0","resolution":"/Users/axel/WebstormProjects/todo-app/server/functions/node_modules/firebase-admin/lib/index.js"} {"metadata":{"emulator":{"name":"functions"},"message":"[runtime-status] [7630] Resolved module firebase-admin {\"declared\":true,\"installed\":true,\"version\":\"9.8.0\",\"resolution\":\"/Users/axel/WebstormProjects/todo-app/server/functions/node_modules/firebase-admin/lib/index.js\"}"}}
[debug] [2021-05-27T09:35:54.771Z] [runtime-status] [7630] Resolved module firebase-functions {"declared":true,"installed":true,"version":"3.14.1","resolution":"/Users/axel/WebstormProjects/todo-app/server/functions/node_modules/firebase-functions/lib/index.js"} {"metadata":{"emulator":{"name":"functions"},"message":"[runtime-status] [7630] Resolved module firebase-functions {\"declared\":true,\"installed\":true,\"version\":\"3.14.1\",\"resolution\":\"/Users/axel/WebstormProjects/todo-app/server/functions/node_modules/firebase-functions/lib/index.js\"}"}}
[debug] [2021-05-27T09:35:54.771Z] [runtime-status] [7630] firebase-admin has been stubbed. {"adminResolution":{"declared":true,"installed":true,"version":"9.8.0","resolution":"/Users/axel/WebstormProjects/todo-app/server/functions/node_modules/firebase-admin/lib/index.js"}} {"metadata":{"emulator":{"name":"functions"},"message":"[runtime-status] [7630] firebase-admin has been stubbed. {\"adminResolution\":{\"declared\":true,\"installed\":true,\"version\":\"9.8.0\",\"resolution\":\"/Users/axel/WebstormProjects/todo-app/server/functions/node_modules/firebase-admin/lib/index.js\"}}"}}
[info] >  server is listening on 3000 {"user":"server is listening on 3000","metadata":{"emulator":{"name":"functions"},"message":"\u001b[90m> \u001b[39m server is listening on 3000"}}
[info] ✔  functions[app]: http function initialized (http://localhost:5001/angular-todo-68ebc/us-central1/app). {"metadata":{"emulator":{"name":"functions"},"message":"\u001b[1mhttp\u001b[22m function initialized (http://localhost:5001/angular-todo-68ebc/us-central1/app)."}}
[info] 
┌─────────────────────────────────────────────────────────────┐
│ ✔  All emulators ready! It is now safe to connect your app. │
│ i  View Emulator UI at http://localhost:4000                │
└─────────────────────────────────────────────────────────────┘

┌───────────┬────────────────┬─────────────────────────────────┐
│ Emulator  │ Host:Port      │ View in Emulator UI             │
├───────────┼────────────────┼─────────────────────────────────┤
│ Functions │ localhost:5001 │ http://localhost:4000/functions │
└───────────┴────────────────┴─────────────────────────────────┘
  Emulator Hub running at localhost:4400
  Other reserved ports: 4500

Issues? Report them at https://github.com/firebase/firebase-tools/issues and attach the *-debug.log files.
 
[debug] [2021-05-27T09:35:55.093Z] [worker-~diagnostic~-b2f96c3a-17b1-4536-bc8b-569314321a11]: IDLE {"metadata":{"emulator":{"name":"functions"},"message":"[worker-~diagnostic~-b2f96c3a-17b1-4536-bc8b-569314321a11]: IDLE"}}
[info] >  Method: GET | To: /users | Query: {"uid":"gpKqp6EtjQW34sI2zo0AWUrvANV2"} {"user":"Method: GET | To: /users | Query: {\"uid\":\"gpKqp6EtjQW34sI2zo0AWUrvANV2\"}","metadata":{"emulator":{"name":"functions"},"message":"\u001b[90m> \u001b[39m Method: GET | To: /users | Query: {\"uid\":\"gpKqp6EtjQW34sI2zo0AWUrvANV2\"}"}}
[info] >  Method: PUT | To: /users/tasks {"user":"Method: PUT | To: /users/tasks","metadata":{"emulator":{"name":"functions"},"message":"\u001b[90m> \u001b[39m Method: PUT | To: /users/tasks"}}
[info] >  gpKqp6EtjQW34sI2zo0AWUrvANV2 test {"user":"gpKqp6EtjQW34sI2zo0AWUrvANV2 test","metadata":{"emulator":{"name":"functions"},"message":"\u001b[90m> \u001b[39m gpKqp6EtjQW34sI2zo0AWUrvANV2 test"}}
[info] >  Method: PUT | To: /users/tasks {"user":"Method: PUT | To: /users/tasks","metadata":{"emulator":{"name":"functions"},"message":"\u001b[90m> \u001b[39m Method: PUT | To: /users/tasks"}}
[info] >  gpKqp6EtjQW34sI2zo0AWUrvANV2 test {"user":"gpKqp6EtjQW34sI2zo0AWUrvANV2 test","metadata":{"emulator":{"name":"functions"},"message":"\u001b[90m> \u001b[39m gpKqp6EtjQW34sI2zo0AWUrvANV2 test"}}
[info] >  Method: PUT | To: /users/tasks {"user":"Method: PUT | To: /users/tasks","metadata":{"emulator":{"name":"functions"},"message":"\u001b[90m> \u001b[39m Method: PUT | To: /users/tasks"}}
[info] >  gpKqp6EtjQW34sI2zo0AWUrvANV2 test {"user":"gpKqp6EtjQW34sI2zo0AWUrvANV2 test","metadata":{"emulator":{"name":"functions"},"message":"\u001b[90m> \u001b[39m gpKqp6EtjQW34sI2zo0AWUrvANV2 test"}}
[info] >  Method: PUT | To: /users/tasks {"user":"Method: PUT | To: /users/tasks","metadata":{"emulator":{"name":"functions"},"message":"\u001b[90m> \u001b[39m Method: PUT | To: /users/tasks"}}
[info] >  gpKqp6EtjQW34sI2zo0AWUrvANV2 test {"user":"gpKqp6EtjQW34sI2zo0AWUrvANV2 test","metadata":{"emulator":{"name":"functions"},"message":"\u001b[90m> \u001b[39m gpKqp6EtjQW34sI2zo0AWUrvANV2 test"}}
[info] >  Method: PUT | To: /users/tasks {"user":"Method: PUT | To: /users/tasks","metadata":{"emulator":{"name":"functions"},"message":"\u001b[90m> \u001b[39m Method: PUT | To: /users/tasks"}}
[info] >  gpKqp6EtjQW34sI2zo0AWUrvANV2 test5 {"user":"gpKqp6EtjQW34sI2zo0AWUrvANV2 test5","metadata":{"emulator":{"name":"functions"},"message":"\u001b[90m> \u001b[39m gpKqp6EtjQW34sI2zo0AWUrvANV2 test5"}}
[info] >  Method: PUT | To: /users/tasks {"user":"Method: PUT | To: /users/tasks","metadata":{"emulator":{"name":"functions"},"message":"\u001b[90m> \u001b[39m Method: PUT | To: /users/tasks"}}
[info] >  gpKqp6EtjQW34sI2zo0AWUrvANV2 test {"user":"gpKqp6EtjQW34sI2zo0AWUrvANV2 test","metadata":{"emulator":{"name":"functions"},"message":"\u001b[90m> \u001b[39m gpKqp6EtjQW34sI2zo0AWUrvANV2 test"}}
[info] >  Method: PUT | To: /users/tasks {"user":"Method: PUT | To: /users/tasks","metadata":{"emulator":{"name":"functions"},"message":"\u001b[90m> \u001b[39m Method: PUT | To: /users/tasks"}}
[info] >  gpKqp6EtjQW34sI2zo0AWUrvANV2 test5 {"user":"gpKqp6EtjQW34sI2zo0AWUrvANV2 test5","metadata":{"emulator":{"name":"functions"},"message":"\u001b[90m> \u001b[39m gpKqp6EtjQW34sI2zo0AWUrvANV2 test5"}}
[info] >  Method: PUT | To: /users/tasks {"user":"Method: PUT | To: /users/tasks","metadata":{"emulator":{"name":"functions"},"message":"\u001b[90m> \u001b[39m Method: PUT | To: /users/tasks"}}
[info] >  gpKqp6EtjQW34sI2zo0AWUrvANV2 test {"user":"gpKqp6EtjQW34sI2zo0AWUrvANV2 test","metadata":{"emulator":{"name":"functions"},"message":"\u001b[90m> \u001b[39m gpKqp6EtjQW34sI2zo0AWUrvANV2 test"}}
[info] >  Method: PUT | To: /users/tasks {"user":"Method: PUT | To: /users/tasks","metadata":{"emulator":{"name":"functions"},"message":"\u001b[90m> \u001b[39m Method: PUT | To: /users/tasks"}}
[info] >  gpKqp6EtjQW34sI2zo0AWUrvANV2 test5 {"user":"gpKqp6EtjQW34sI2zo0AWUrvANV2 test5","metadata":{"emulator":{"name":"functions"},"message":"\u001b[90m> \u001b[39m gpKqp6EtjQW34sI2zo0AWUrvANV2 test5"}}
[info] >  Method: GET | To: /users | Query: {"uid":"gpKqp6EtjQW34sI2zo0AWUrvANV2"} {"user":"Method: GET | To: /users | Query: {\"uid\":\"gpKqp6EtjQW34sI2zo0AWUrvANV2\"}","metadata":{"emulator":{"name":"functions"},"message":"\u001b[90m> \u001b[39m Method: GET | To: /users | Query: {\"uid\":\"gpKqp6EtjQW34sI2zo0AWUrvANV2\"}"}}
[info] >  Method: PUT | To: /users/tasks {"user":"Method: PUT | To: /users/tasks","metadata":{"emulator":{"name":"functions"},"message":"\u001b[90m> \u001b[39m Method: PUT | To: /users/tasks"}}
[info] >  gpKqp6EtjQW34sI2zo0AWUrvANV2 test5 {"user":"gpKqp6EtjQW34sI2zo0AWUrvANV2 test5","metadata":{"emulator":{"name":"functions"},"message":"\u001b[90m> \u001b[39m gpKqp6EtjQW34sI2zo0AWUrvANV2 test5"}}
[info] >  Method: PUT | To: /users/tasks {"user":"Method: PUT | To: /users/tasks","metadata":{"emulator":{"name":"functions"},"message":"\u001b[90m> \u001b[39m Method: PUT | To: /users/tasks"}}
[info] >  gpKqp6EtjQW34sI2zo0AWUrvANV2 test {"user":"gpKqp6EtjQW34sI2zo0AWUrvANV2 test","metadata":{"emulator":{"name":"functions"},"message":"\u001b[90m> \u001b[39m gpKqp6EtjQW34sI2zo0AWUrvANV2 test"}}
[info] >  Method: PUT | To: /users/tasks {"user":"Method: PUT | To: /users/tasks","metadata":{"emulator":{"name":"functions"},"message":"\u001b[90m> \u001b[39m Method: PUT | To: /users/tasks"}}
[info] >  gpKqp6EtjQW34sI2zo0AWUrvANV2 test {"user":"gpKqp6EtjQW34sI2zo0AWUrvANV2 test","metadata":{"emulator":{"name":"functions"},"message":"\u001b[90m> \u001b[39m gpKqp6EtjQW34sI2zo0AWUrvANV2 test"}}
[info] >  Method: PUT | To: /users/tasks {"user":"Method: PUT | To: /users/tasks","metadata":{"emulator":{"name":"functions"},"message":"\u001b[90m> \u001b[39m Method: PUT | To: /users/tasks"}}
[info] >  gpKqp6EtjQW34sI2zo0AWUrvANV2 test {"user":"gpKqp6EtjQW34sI2zo0AWUrvANV2 test","metadata":{"emulator":{"name":"functions"},"message":"\u001b[90m> \u001b[39m gpKqp6EtjQW34sI2zo0AWUrvANV2 test"}}
[info] >  Method: PUT | To: /users/tasks {"user":"Method: PUT | To: /users/tasks","metadata":{"emulator":{"name":"functions"},"message":"\u001b[90m> \u001b[39m Method: PUT | To: /users/tasks"}}
[info] >  gpKqp6EtjQW34sI2zo0AWUrvANV2 test {"user":"gpKqp6EtjQW34sI2zo0AWUrvANV2 test","metadata":{"emulator":{"name":"functions"},"message":"\u001b[90m> \u001b[39m gpKqp6EtjQW34sI2zo0AWUrvANV2 test"}}
[info] >  Method: PUT | To: /users/tasks {"user":"Method: PUT | To: /users/tasks","metadata":{"emulator":{"name":"functions"},"message":"\u001b[90m> \u001b[39m Method: PUT | To: /users/tasks"}}
[info] >  gpKqp6EtjQW34sI2zo0AWUrvANV2 test {"user":"gpKqp6EtjQW34sI2zo0AWUrvANV2 test","metadata":{"emulator":{"name":"functions"},"message":"\u001b[90m> \u001b[39m gpKqp6EtjQW34sI2zo0AWUrvANV2 test"}}
[info] >  Method: PUT | To: /users/tasks {"user":"Method: PUT | To: /users/tasks","metadata":{"emulator":{"name":"functions"},"message":"\u001b[90m> \u001b[39m Method: PUT | To: /users/tasks"}}
[info] >  gpKqp6EtjQW34sI2zo0AWUrvANV2 test {"user":"gpKqp6EtjQW34sI2zo0AWUrvANV2 test","metadata":{"emulator":{"name":"functions"},"message":"\u001b[90m> \u001b[39m gpKqp6EtjQW34sI2zo0AWUrvANV2 test"}}
[info] >  Method: PUT | To: /users/tasks {"user":"Method: PUT | To: /users/tasks","metadata":{"emulator":{"name":"functions"},"message":"\u001b[90m> \u001b[39m Method: PUT | To: /users/tasks"}}
[info] >  gpKqp6EtjQW34sI2zo0AWUrvANV2 test {"user":"gpKqp6EtjQW34sI2zo0AWUrvANV2 test","metadata":{"emulator":{"name":"functions"},"message":"\u001b[90m> \u001b[39m gpKqp6EtjQW34sI2zo0AWUrvANV2 test"}}
[info] >  Method: PUT | To: /users/tasks {"user":"Method: PUT | To: /users/tasks","metadata":{"emulator":{"name":"functions"},"message":"\u001b[90m> \u001b[39m Method: PUT | To: /users/tasks"}}
[info] >  gpKqp6EtjQW34sI2zo0AWUrvANV2 test5 {"user":"gpKqp6EtjQW34sI2zo0AWUrvANV2 test5","metadata":{"emulator":{"name":"functions"},"message":"\u001b[90m> \u001b[39m gpKqp6EtjQW34sI2zo0AWUrvANV2 test5"}}
[info] >  Method: PUT | To: /users/tasks {"user":"Method: PUT | To: /users/tasks","metadata":{"emulator":{"name":"functions"},"message":"\u001b[90m> \u001b[39m Method: PUT | To: /users/tasks"}}
[info] >  gpKqp6EtjQW34sI2zo0AWUrvANV2 test {"user":"gpKqp6EtjQW34sI2zo0AWUrvANV2 test","metadata":{"emulator":{"name":"functions"},"message":"\u001b[90m> \u001b[39m gpKqp6EtjQW34sI2zo0AWUrvANV2 test"}}
[info] >  Method: GET | To: /users | Query: {"uid":"gpKqp6EtjQW34sI2zo0AWUrvANV2"} {"user":"Method: GET | To: /users | Query: {\"uid\":\"gpKqp6EtjQW34sI2zo0AWUrvANV2\"}","metadata":{"emulator":{"name":"functions"},"message":"\u001b[90m> \u001b[39m Method: GET | To: /users | Query: {\"uid\":\"gpKqp6EtjQW34sI2zo0AWUrvANV2\"}"}}
[info] >  Method: POST | To: /users/tasks {"user":"Method: POST | To: /users/tasks","metadata":{"emulator":{"name":"functions"},"message":"\u001b[90m> \u001b[39m Method: POST | To: /users/tasks"}}
[info] >  Method: POST | To: /users/tasks {"user":"Method: POST | To: /users/tasks","metadata":{"emulator":{"name":"functions"},"message":"\u001b[90m> \u001b[39m Method: POST | To: /users/tasks"}}
[info] >  Method: POST | To: /users/tasks {"user":"Method: POST | To: /users/tasks","metadata":{"emulator":{"name":"functions"},"message":"\u001b[90m> \u001b[39m Method: POST | To: /users/tasks"}}
[info] >  ERROR: User already has a task of that name {"user":"ERROR: User already has a task of that name","metadata":{"emulator":{"name":"functions"},"message":"\u001b[90m> \u001b[39m ERROR: User already has a task of that name"}}
[info] >  Method: GET | To: /users | Query: {"uid":"gpKqp6EtjQW34sI2zo0AWUrvANV2"} {"user":"Method: GET | To: /users | Query: {\"uid\":\"gpKqp6EtjQW34sI2zo0AWUrvANV2\"}","metadata":{"emulator":{"name":"functions"},"message":"\u001b[90m> \u001b[39m Method: GET | To: /users | Query: {\"uid\":\"gpKqp6EtjQW34sI2zo0AWUrvANV2\"}"}}
[info] >  Method: DELETE | To: /users/tasks {"user":"Method: DELETE | To: /users/tasks","metadata":{"emulator":{"name":"functions"},"message":"\u001b[90m> \u001b[39m Method: DELETE | To: /users/tasks"}}
[info] >  gpKqp6EtjQW34sI2zo0AWUrvANV2 test {"user":"gpKqp6EtjQW34sI2zo0AWUrvANV2 test","metadata":{"emulator":{"name":"functions"},"message":"\u001b[90m> \u001b[39m gpKqp6EtjQW34sI2zo0AWUrvANV2 test"}}
[info] >  Method: DELETE | To: /users/tasks {"user":"Method: DELETE | To: /users/tasks","metadata":{"emulator":{"name":"functions"},"message":"\u001b[90m> \u001b[39m Method: DELETE | To: /users/tasks"}}
[info] >  gpKqp6EtjQW34sI2zo0AWUrvANV2 test5 {"user":"gpKqp6EtjQW34sI2zo0AWUrvANV2 test5","metadata":{"emulator":{"name":"functions"},"message":"\u001b[90m> \u001b[39m gpKqp6EtjQW34sI2zo0AWUrvANV2 test5"}}
[info] >  Method: DELETE | To: /users/tasks {"user":"Method: DELETE | To: /users/tasks","metadata":{"emulator":{"name":"functions"},"message":"\u001b[90m> \u001b[39m Method: DELETE | To: /users/tasks"}}
[info] >  gpKqp6EtjQW34sI2zo0AWUrvANV2 test2 {"user":"gpKqp6EtjQW34sI2zo0AWUrvANV2 test2","metadata":{"emulator":{"name":"functions"},"message":"\u001b[90m> \u001b[39m gpKqp6EtjQW34sI2zo0AWUrvANV2 test2"}}
[info] >  Method: DELETE | To: /users/tasks {"user":"Method: DELETE | To: /users/tasks","metadata":{"emulator":{"name":"functions"},"message":"\u001b[90m> \u001b[39m Method: DELETE | To: /users/tasks"}}
[info] >  gpKqp6EtjQW34sI2zo0AWUrvANV2 test4 {"user":"gpKqp6EtjQW34sI2zo0AWUrvANV2 test4","metadata":{"emulator":{"name":"functions"},"message":"\u001b[90m> \u001b[39m gpKqp6EtjQW34sI2zo0AWUrvANV2 test4"}}
[info] >  Method: POST | To: /users/tasks {"user":"Method: POST | To: /users/tasks","metadata":{"emulator":{"name":"functions"},"message":"\u001b[90m> \u001b[39m Method: POST | To: /users/tasks"}}
[info] >  Method: POST | To: /users/tasks {"user":"Method: POST | To: /users/tasks","metadata":{"emulator":{"name":"functions"},"message":"\u001b[90m> \u001b[39m Method: POST | To: /users/tasks"}}
[info] >  Method: POST | To: /users/tasks {"user":"Method: POST | To: /users/tasks","metadata":{"emulator":{"name":"functions"},"message":"\u001b[90m> \u001b[39m Method: POST | To: /users/tasks"}}
[info] >  Method: POST | To: /users/tasks {"user":"Method: POST | To: /users/tasks","metadata":{"emulator":{"name":"functions"},"message":"\u001b[90m> \u001b[39m Method: POST | To: /users/tasks"}}
[info] >  Method: POST | To: /users/tasks {"user":"Method: POST | To: /users/tasks","metadata":{"emulator":{"name":"functions"},"message":"\u001b[90m> \u001b[39m Method: POST | To: /users/tasks"}}
[info] >  Method: GET | To: /users | Query: {"uid":"gpKqp6EtjQW34sI2zo0AWUrvANV2"} {"user":"Method: GET | To: /users | Query: {\"uid\":\"gpKqp6EtjQW34sI2zo0AWUrvANV2\"}","metadata":{"emulator":{"name":"functions"},"message":"\u001b[90m> \u001b[39m Method: GET | To: /users | Query: {\"uid\":\"gpKqp6EtjQW34sI2zo0AWUrvANV2\"}"}}
[info] >  Method: DELETE | To: /users/tasks {"user":"Method: DELETE | To: /users/tasks","metadata":{"emulator":{"name":"functions"},"message":"\u001b[90m> \u001b[39m Method: DELETE | To: /users/tasks"}}
[info] >  gpKqp6EtjQW34sI2zo0AWUrvANV2 1 {"user":"gpKqp6EtjQW34sI2zo0AWUrvANV2 1","metadata":{"emulator":{"name":"functions"},"message":"\u001b[90m> \u001b[39m gpKqp6EtjQW34sI2zo0AWUrvANV2 1"}}
[info] >  Method: DELETE | To: /users/tasks {"user":"Method: DELETE | To: /users/tasks","metadata":{"emulator":{"name":"functions"},"message":"\u001b[90m> \u001b[39m Method: DELETE | To: /users/tasks"}}
[info] >  gpKqp6EtjQW34sI2zo0AWUrvANV2 2 {"user":"gpKqp6EtjQW34sI2zo0AWUrvANV2 2","metadata":{"emulator":{"name":"functions"},"message":"\u001b[90m> \u001b[39m gpKqp6EtjQW34sI2zo0AWUrvANV2 2"}}
[info] >  Method: DELETE | To: /users/tasks {"user":"Method: DELETE | To: /users/tasks","metadata":{"emulator":{"name":"functions"},"message":"\u001b[90m> \u001b[39m Method: DELETE | To: /users/tasks"}}
[info] >  gpKqp6EtjQW34sI2zo0AWUrvANV2 3 {"user":"gpKqp6EtjQW34sI2zo0AWUrvANV2 3","metadata":{"emulator":{"name":"functions"},"message":"\u001b[90m> \u001b[39m gpKqp6EtjQW34sI2zo0AWUrvANV2 3"}}
[info] >  Method: DELETE | To: /users/tasks {"user":"Method: DELETE | To: /users/tasks","metadata":{"emulator":{"name":"functions"},"message":"\u001b[90m> \u001b[39m Method: DELETE | To: /users/tasks"}}
[info] >  gpKqp6EtjQW34sI2zo0AWUrvANV2 4 {"user":"gpKqp6EtjQW34sI2zo0AWUrvANV2 4","metadata":{"emulator":{"name":"functions"},"message":"\u001b[90m> \u001b[39m gpKqp6EtjQW34sI2zo0AWUrvANV2 4"}}
[info] >  Method: DELETE | To: /users/tasks {"user":"Method: DELETE | To: /users/tasks","metadata":{"emulator":{"name":"functions"},"message":"\u001b[90m> \u001b[39m Method: DELETE | To: /users/tasks"}}
[info] >  gpKqp6EtjQW34sI2zo0AWUrvANV2 5 {"user":"gpKqp6EtjQW34sI2zo0AWUrvANV2 5","metadata":{"emulator":{"name":"functions"},"message":"\u001b[90m> \u001b[39m gpKqp6EtjQW34sI2zo0AWUrvANV2 5"}}
[info] >  Method: POST | To: /users/tasks {"user":"Method: POST | To: /users/tasks","metadata":{"emulator":{"name":"functions"},"message":"\u001b[90m> \u001b[39m Method: POST | To: /users/tasks"}}
[info] >  Method: POST | To: /users/tasks {"user":"Method: POST | To: /users/tasks","metadata":{"emulator":{"name":"functions"},"message":"\u001b[90m> \u001b[39m Method: POST | To: /users/tasks"}}
[info] >  Method: POST | To: /users/tasks {"user":"Method: POST | To: /users/tasks","metadata":{"emulator":{"name":"functions"},"message":"\u001b[90m> \u001b[39m Method: POST | To: /users/tasks"}}
[info] >  ERROR: User already has a task of that name {"user":"ERROR: User already has a task of that name","metadata":{"emulator":{"name":"functions"},"message":"\u001b[90m> \u001b[39m ERROR: User already has a task of that name"}}
[info] >  Method: POST | To: /users/tasks {"user":"Method: POST | To: /users/tasks","metadata":{"emulator":{"name":"functions"},"message":"\u001b[90m> \u001b[39m Method: POST | To: /users/tasks"}}
[info] >  Method: POST | To: /users/tasks {"user":"Method: POST | To: /users/tasks","metadata":{"emulator":{"name":"functions"},"message":"\u001b[90m> \u001b[39m Method: POST | To: /users/tasks"}}
[info] >  Method: POST | To: /users/tasks {"user":"Method: POST | To: /users/tasks","metadata":{"emulator":{"name":"functions"},"message":"\u001b[90m> \u001b[39m Method: POST | To: /users/tasks"}}
[info] >  Method: POST | To: /users/tasks {"user":"Method: POST | To: /users/tasks","metadata":{"emulator":{"name":"functions"},"message":"\u001b[90m> \u001b[39m Method: POST | To: /users/tasks"}}
[info] >  Method: GET | To: /users | Query: {"uid":"gpKqp6EtjQW34sI2zo0AWUrvANV2"} {"user":"Method: GET | To: /users | Query: {\"uid\":\"gpKqp6EtjQW34sI2zo0AWUrvANV2\"}","metadata":{"emulator":{"name":"functions"},"message":"\u001b[90m> \u001b[39m Method: GET | To: /users | Query: {\"uid\":\"gpKqp6EtjQW34sI2zo0AWUrvANV2\"}"}}
[info] >  Method: PATCH | To: /users/tasks {"user":"Method: PATCH | To: /users/tasks","metadata":{"emulator":{"name":"functions"},"message":"\u001b[90m> \u001b[39m Method: PATCH | To: /users/tasks"}}
[info] >  Method: GET | To: /users | Query: {"uid":"gpKqp6EtjQW34sI2zo0AWUrvANV2"} {"user":"Method: GET | To: /users | Query: {\"uid\":\"gpKqp6EtjQW34sI2zo0AWUrvANV2\"}","metadata":{"emulator":{"name":"functions"},"message":"\u001b[90m> \u001b[39m Method: GET | To: /users | Query: {\"uid\":\"gpKqp6EtjQW34sI2zo0AWUrvANV2\"}"}}
[info] >  Method: PATCH | To: /users/tasks {"user":"Method: PATCH | To: /users/tasks","metadata":{"emulator":{"name":"functions"},"message":"\u001b[90m> \u001b[39m Method: PATCH | To: /users/tasks"}}
[info] >  Method: PATCH | To: /users/tasks {"user":"Method: PATCH | To: /users/tasks","metadata":{"emulator":{"name":"functions"},"message":"\u001b[90m> \u001b[39m Method: PATCH | To: /users/tasks"}}
[info] >  Method: PATCH | To: /users/tasks {"user":"Method: PATCH | To: /users/tasks","metadata":{"emulator":{"name":"functions"},"message":"\u001b[90m> \u001b[39m Method: PATCH | To: /users/tasks"}}
[info] >  Method: PATCH | To: /users/tasks {"user":"Method: PATCH | To: /users/tasks","metadata":{"emulator":{"name":"functions"},"message":"\u001b[90m> \u001b[39m Method: PATCH | To: /users/tasks"}}
[info] >  Method: PATCH | To: /users/tasks {"user":"Method: PATCH | To: /users/tasks","metadata":{"emulator":{"name":"functions"},"message":"\u001b[90m> \u001b[39m Method: PATCH | To: /users/tasks"}}
[info] >  Method: PATCH | To: /users/tasks {"user":"Method: PATCH | To: /users/tasks","metadata":{"emulator":{"name":"functions"},"message":"\u001b[90m> \u001b[39m Method: PATCH | To: /users/tasks"}}
[info] >  Method: PATCH | To: /users/tasks {"user":"Method: PATCH | To: /users/tasks","metadata":{"emulator":{"name":"functions"},"message":"\u001b[90m> \u001b[39m Method: PATCH | To: /users/tasks"}}
[info] >  Method: PATCH | To: /users/tasks {"user":"Method: PATCH | To: /users/tasks","metadata":{"emulator":{"name":"functions"},"message":"\u001b[90m> \u001b[39m Method: PATCH | To: /users/tasks"}}
[info] >  Method: PATCH | To: /users/tasks {"user":"Method: PATCH | To: /users/tasks","metadata":{"emulator":{"name":"functions"},"message":"\u001b[90m> \u001b[39m Method: PATCH | To: /users/tasks"}}
[info] >  Method: GET | To: /users | Query: {"uid":"gpKqp6EtjQW34sI2zo0AWUrvANV2"} {"user":"Method: GET | To: /users | Query: {\"uid\":\"gpKqp6EtjQW34sI2zo0AWUrvANV2\"}","metadata":{"emulator":{"name":"functions"},"message":"\u001b[90m> \u001b[39m Method: GET | To: /users | Query: {\"uid\":\"gpKqp6EtjQW34sI2zo0AWUrvANV2\"}"}}
[info] >  Method: POST | To: /users/tasks {"user":"Method: POST | To: /users/tasks","metadata":{"emulator":{"name":"functions"},"message":"\u001b[90m> \u001b[39m Method: POST | To: /users/tasks"}}
[info] >  Method: POST | To: /users/tasks {"user":"Method: POST | To: /users/tasks","metadata":{"emulator":{"name":"functions"},"message":"\u001b[90m> \u001b[39m Method: POST | To: /users/tasks"}}
[info] >  Method: GET | To: /users | Query: {"uid":"gpKqp6EtjQW34sI2zo0AWUrvANV2"} {"user":"Method: GET | To: /users | Query: {\"uid\":\"gpKqp6EtjQW34sI2zo0AWUrvANV2\"}","metadata":{"emulator":{"name":"functions"},"message":"\u001b[90m> \u001b[39m Method: GET | To: /users | Query: {\"uid\":\"gpKqp6EtjQW34sI2zo0AWUrvANV2\"}"}}
[info] >  Method: DELETE | To: /users/tasks {"user":"Method: DELETE | To: /users/tasks","metadata":{"emulator":{"name":"functions"},"message":"\u001b[90m> \u001b[39m Method: DELETE | To: /users/tasks"}}
[info] >  gpKqp6EtjQW34sI2zo0AWUrvANV2 -1 {"user":"gpKqp6EtjQW34sI2zo0AWUrvANV2 -1","metadata":{"emulator":{"name":"functions"},"message":"\u001b[90m> \u001b[39m gpKqp6EtjQW34sI2zo0AWUrvANV2 -1"}}
[info] >  Method: DELETE | To: /users/tasks {"user":"Method: DELETE | To: /users/tasks","metadata":{"emulator":{"name":"functions"},"message":"\u001b[90m> \u001b[39m Method: DELETE | To: /users/tasks"}}
[info] >  gpKqp6EtjQW34sI2zo0AWUrvANV2 0 {"user":"gpKqp6EtjQW34sI2zo0AWUrvANV2 0","metadata":{"emulator":{"name":"functions"},"message":"\u001b[90m> \u001b[39m gpKqp6EtjQW34sI2zo0AWUrvANV2 0"}}
[info] >  Method: DELETE | To: /users/tasks {"user":"Method: DELETE | To: /users/tasks","metadata":{"emulator":{"name":"functions"},"message":"\u001b[90m> \u001b[39m Method: DELETE | To: /users/tasks"}}
[info] >  gpKqp6EtjQW34sI2zo0AWUrvANV2 1 {"user":"gpKqp6EtjQW34sI2zo0AWUrvANV2 1","metadata":{"emulator":{"name":"functions"},"message":"\u001b[90m> \u001b[39m gpKqp6EtjQW34sI2zo0AWUrvANV2 1"}}
[info] >  Method: GET | To: /users | Query: {"uid":"gpKqp6EtjQW34sI2zo0AWUrvANV2"} {"user":"Method: GET | To: /users | Query: {\"uid\":\"gpKqp6EtjQW34sI2zo0AWUrvANV2\"}","metadata":{"emulator":{"name":"functions"},"message":"\u001b[90m> \u001b[39m Method: GET | To: /users | Query: {\"uid\":\"gpKqp6EtjQW34sI2zo0AWUrvANV2\"}"}}
[info] >  Method: PATCH | To: /users/tasks {"user":"Method: PATCH | To: /users/tasks","metadata":{"emulator":{"name":"functions"},"message":"\u001b[90m> \u001b[39m Method: PATCH | To: /users/tasks"}}
[info] >  Method: GET | To: /users | Query: {"uid":"gpKqp6EtjQW34sI2zo0AWUrvANV2"} {"user":"Method: GET | To: /users | Query: {\"uid\":\"gpKqp6EtjQW34sI2zo0AWUrvANV2\"}","metadata":{"emulator":{"name":"functions"},"message":"\u001b[90m> \u001b[39m Method: GET | To: /users | Query: {\"uid\":\"gpKqp6EtjQW34sI2zo0AWUrvANV2\"}"}}
[info] >  Method: GET | To: /users | Query: {"uid":"gpKqp6EtjQW34sI2zo0AWUrvANV2"} {"user":"Method: GET | To: /users | Query: {\"uid\":\"gpKqp6EtjQW34sI2zo0AWUrvANV2\"}","metadata":{"emulator":{"name":"functions"},"message":"\u001b[90m> \u001b[39m Method: GET | To: /users | Query: {\"uid\":\"gpKqp6EtjQW34sI2zo0AWUrvANV2\"}"}}
[info] >  Method: GET | To: /users | Query: {"uid":"gpKqp6EtjQW34sI2zo0AWUrvANV2"} {"user":"Method: GET | To: /users | Query: {\"uid\":\"gpKqp6EtjQW34sI2zo0AWUrvANV2\"}","metadata":{"emulator":{"name":"functions"},"message":"\u001b[90m> \u001b[39m Method: GET | To: /users | Query: {\"uid\":\"gpKqp6EtjQW34sI2zo0AWUrvANV2\"}"}}
[info] >  Method: GET | To: /users | Query: {"uid":"gpKqp6EtjQW34sI2zo0AWUrvANV2"} {"user":"Method: GET | To: /users | Query: {\"uid\":\"gpKqp6EtjQW34sI2zo0AWUrvANV2\"}","metadata":{"emulator":{"name":"functions"},"message":"\u001b[90m> \u001b[39m Method: GET | To: /users | Query: {\"uid\":\"gpKqp6EtjQW34sI2zo0AWUrvANV2\"}"}}
[info] >  Method: GET | To: /users | Query: {"uid":"gpKqp6EtjQW34sI2zo0AWUrvANV2"} {"user":"Method: GET | To: /users | Query: {\"uid\":\"gpKqp6EtjQW34sI2zo0AWUrvANV2\"}","metadata":{"emulator":{"name":"functions"},"message":"\u001b[90m> \u001b[39m Method: GET | To: /users | Query: {\"uid\":\"gpKqp6EtjQW34sI2zo0AWUrvANV2\"}"}}
[info] >  Method: GET | To: /users | Query: {"uid":"gpKqp6EtjQW34sI2zo0AWUrvANV2"} {"user":"Method: GET | To: /users | Query: {\"uid\":\"gpKqp6EtjQW34sI2zo0AWUrvANV2\"}","metadata":{"emulator":{"name":"functions"},"message":"\u001b[90m> \u001b[39m Method: GET | To: /users | Query: {\"uid\":\"gpKqp6EtjQW34sI2zo0AWUrvANV2\"}"}}
[info] >  Method: GET | To: /users | Query: {"uid":"gpKqp6EtjQW34sI2zo0AWUrvANV2"} {"user":"Method: GET | To: /users | Query: {\"uid\":\"gpKqp6EtjQW34sI2zo0AWUrvANV2\"}","metadata":{"emulator":{"name":"functions"},"message":"\u001b[90m> \u001b[39m Method: GET | To: /users | Query: {\"uid\":\"gpKqp6EtjQW34sI2zo0AWUrvANV2\"}"}}
[info] >  Method: GET | To: /users | Query: {"uid":"gpKqp6EtjQW34sI2zo0AWUrvANV2"} {"user":"Method: GET | To: /users | Query: {\"uid\":\"gpKqp6EtjQW34sI2zo0AWUrvANV2\"}","metadata":{"emulator":{"name":"functions"},"message":"\u001b[90m> \u001b[39m Method: GET | To: /users | Query: {\"uid\":\"gpKqp6EtjQW34sI2zo0AWUrvANV2\"}"}}
[info] >  Method: DELETE | To: /users/tasks {"user":"Method: DELETE | To: /users/tasks","metadata":{"emulator":{"name":"functions"},"message":"\u001b[90m> \u001b[39m Method: DELETE | To: /users/tasks"}}
[info] >  gpKqp6EtjQW34sI2zo0AWUrvANV2 5 {"user":"gpKqp6EtjQW34sI2zo0AWUrvANV2 5","metadata":{"emulator":{"name":"functions"},"message":"\u001b[90m> \u001b[39m gpKqp6EtjQW34sI2zo0AWUrvANV2 5"}}
[info] >  Method: DELETE | To: /users/tasks {"user":"Method: DELETE | To: /users/tasks","metadata":{"emulator":{"name":"functions"},"message":"\u001b[90m> \u001b[39m Method: DELETE | To: /users/tasks"}}
[info] >  gpKqp6EtjQW34sI2zo0AWUrvANV2 6 {"user":"gpKqp6EtjQW34sI2zo0AWUrvANV2 6","metadata":{"emulator":{"name":"functions"},"message":"\u001b[90m> \u001b[39m gpKqp6EtjQW34sI2zo0AWUrvANV2 6"}}
[info] >  Method: GET | To: /users | Query: {"uid":"gpKqp6EtjQW34sI2zo0AWUrvANV2"} {"user":"Method: GET | To: /users | Query: {\"uid\":\"gpKqp6EtjQW34sI2zo0AWUrvANV2\"}","metadata":{"emulator":{"name":"functions"},"message":"\u001b[90m> \u001b[39m Method: GET | To: /users | Query: {\"uid\":\"gpKqp6EtjQW34sI2zo0AWUrvANV2\"}"}}
[info] >  Method: GET | To: /users | Query: {"uid":"gpKqp6EtjQW34sI2zo0AWUrvANV2"} {"user":"Method: GET | To: /users | Query: {\"uid\":\"gpKqp6EtjQW34sI2zo0AWUrvANV2\"}","metadata":{"emulator":{"name":"functions"},"message":"\u001b[90m> \u001b[39m Method: GET | To: /users | Query: {\"uid\":\"gpKqp6EtjQW34sI2zo0AWUrvANV2\"}"}}
[info] >  Method: GET | To: /users | Query: {"uid":"gpKqp6EtjQW34sI2zo0AWUrvANV2"} {"user":"Method: GET | To: /users | Query: {\"uid\":\"gpKqp6EtjQW34sI2zo0AWUrvANV2\"}","metadata":{"emulator":{"name":"functions"},"message":"\u001b[90m> \u001b[39m Method: GET | To: /users | Query: {\"uid\":\"gpKqp6EtjQW34sI2zo0AWUrvANV2\"}"}}
[info] >  Method: PUT | To: /users/tasks {"user":"Method: PUT | To: /users/tasks","metadata":{"emulator":{"name":"functions"},"message":"\u001b[90m> \u001b[39m Method: PUT | To: /users/tasks"}}
[info] >  gpKqp6EtjQW34sI2zo0AWUrvANV2 3 {"user":"gpKqp6EtjQW34sI2zo0AWUrvANV2 3","metadata":{"emulator":{"name":"functions"},"message":"\u001b[90m> \u001b[39m gpKqp6EtjQW34sI2zo0AWUrvANV2 3"}}
[info] >  Method: GET | To: /users | Query: {"uid":"gpKqp6EtjQW34sI2zo0AWUrvANV2"} {"user":"Method: GET | To: /users | Query: {\"uid\":\"gpKqp6EtjQW34sI2zo0AWUrvANV2\"}","metadata":{"emulator":{"name":"functions"},"message":"\u001b[90m> \u001b[39m Method: GET | To: /users | Query: {\"uid\":\"gpKqp6EtjQW34sI2zo0AWUrvANV2\"}"}}
[info] >  Method: PUT | To: /users/tasks {"user":"Method: PUT | To: /users/tasks","metadata":{"emulator":{"name":"functions"},"message":"\u001b[90m> \u001b[39m Method: PUT | To: /users/tasks"}}
[info] >  gpKqp6EtjQW34sI2zo0AWUrvANV2 2 {"user":"gpKqp6EtjQW34sI2zo0AWUrvANV2 2","metadata":{"emulator":{"name":"functions"},"message":"\u001b[90m> \u001b[39m gpKqp6EtjQW34sI2zo0AWUrvANV2 2"}}
[info] >  Method: GET | To: /users | Query: {"uid":"gpKqp6EtjQW34sI2zo0AWUrvANV2"} {"user":"Method: GET | To: /users | Query: {\"uid\":\"gpKqp6EtjQW34sI2zo0AWUrvANV2\"}","metadata":{"emulator":{"name":"functions"},"message":"\u001b[90m> \u001b[39m Method: GET | To: /users | Query: {\"uid\":\"gpKqp6EtjQW34sI2zo0AWUrvANV2\"}"}}
[info] >  Method: PUT | To: /users/tasks {"user":"Method: PUT | To: /users/tasks","metadata":{"emulator":{"name":"functions"},"message":"\u001b[90m> \u001b[39m Method: PUT | To: /users/tasks"}}
[info] >  gpKqp6EtjQW34sI2zo0AWUrvANV2 4 {"user":"gpKqp6EtjQW34sI2zo0AWUrvANV2 4","metadata":{"emulator":{"name":"functions"},"message":"\u001b[90m> \u001b[39m gpKqp6EtjQW34sI2zo0AWUrvANV2 4"}}
[info] >  Method: PUT | To: /users/tasks {"user":"Method: PUT | To: /users/tasks","metadata":{"emulator":{"name":"functions"},"message":"\u001b[90m> \u001b[39m Method: PUT | To: /users/tasks"}}
[info] >  gpKqp6EtjQW34sI2zo0AWUrvANV2 2 {"user":"gpKqp6EtjQW34sI2zo0AWUrvANV2 2","metadata":{"emulator":{"name":"functions"},"message":"\u001b[90m> \u001b[39m gpKqp6EtjQW34sI2zo0AWUrvANV2 2"}}
[info] >  Method: GET | To: /users | Query: {"uid":"gpKqp6EtjQW34sI2zo0AWUrvANV2"} {"user":"Method: GET | To: /users | Query: {\"uid\":\"gpKqp6EtjQW34sI2zo0AWUrvANV2\"}","metadata":{"emulator":{"name":"functions"},"message":"\u001b[90m> \u001b[39m Method: GET | To: /users | Query: {\"uid\":\"gpKqp6EtjQW34sI2zo0AWUrvANV2\"}"}}
[info] >  Method: PUT | To: /users/tasks {"user":"Method: PUT | To: /users/tasks","metadata":{"emulator":{"name":"functions"},"message":"\u001b[90m> \u001b[39m Method: PUT | To: /users/tasks"}}
[info] >  gpKqp6EtjQW34sI2zo0AWUrvANV2 4 {"user":"gpKqp6EtjQW34sI2zo0AWUrvANV2 4","metadata":{"emulator":{"name":"functions"},"message":"\u001b[90m> \u001b[39m gpKqp6EtjQW34sI2zo0AWUrvANV2 4"}}
[info] >  Method: PUT | To: /users/tasks {"user":"Method: PUT | To: /users/tasks","metadata":{"emulator":{"name":"functions"},"message":"\u001b[90m> \u001b[39m Method: PUT | To: /users/tasks"}}
[info] >  gpKqp6EtjQW34sI2zo0AWUrvANV2 4 {"user":"gpKqp6EtjQW34sI2zo0AWUrvANV2 4","metadata":{"emulator":{"name":"functions"},"message":"\u001b[90m> \u001b[39m gpKqp6EtjQW34sI2zo0AWUrvANV2 4"}}
[info] >  Method: PUT | To: /users/tasks {"user":"Method: PUT | To: /users/tasks","metadata":{"emulator":{"name":"functions"},"message":"\u001b[90m> \u001b[39m Method: PUT | To: /users/tasks"}}
[info] >  gpKqp6EtjQW34sI2zo0AWUrvANV2 4 {"user":"gpKqp6EtjQW34sI2zo0AWUrvANV2 4","metadata":{"emulator":{"name":"functions"},"message":"\u001b[90m> \u001b[39m gpKqp6EtjQW34sI2zo0AWUrvANV2 4"}}
[info] >  Method: PUT | To: /users/tasks {"user":"Method: PUT | To: /users/tasks","metadata":{"emulator":{"name":"functions"},"message":"\u001b[90m> \u001b[39m Method: PUT | To: /users/tasks"}}
[info] >  gpKqp6EtjQW34sI2zo0AWUrvANV2 3 {"user":"gpKqp6EtjQW34sI2zo0AWUrvANV2 3","metadata":{"emulator":{"name":"functions"},"message":"\u001b[90m> \u001b[39m gpKqp6EtjQW34sI2zo0AWUrvANV2 3"}}
[info] >  Method: PUT | To: /users/tasks {"user":"Method: PUT | To: /users/tasks","metadata":{"emulator":{"name":"functions"},"message":"\u001b[90m> \u001b[39m Method: PUT | To: /users/tasks"}}
[info] >  gpKqp6EtjQW34sI2zo0AWUrvANV2 3 {"user":"gpKqp6EtjQW34sI2zo0AWUrvANV2 3","metadata":{"emulator":{"name":"functions"},"message":"\u001b[90m> \u001b[39m gpKqp6EtjQW34sI2zo0AWUrvANV2 3"}}
[info] >  Method: PUT | To: /users/tasks {"user":"Method: PUT | To: /users/tasks","metadata":{"emulator":{"name":"functions"},"message":"\u001b[90m> \u001b[39m Method: PUT | To: /users/tasks"}}
[info] >  gpKqp6EtjQW34sI2zo0AWUrvANV2 3 {"user":"gpKqp6EtjQW34sI2zo0AWUrvANV2 3","metadata":{"emulator":{"name":"functions"},"message":"\u001b[90m> \u001b[39m gpKqp6EtjQW34sI2zo0AWUrvANV2 3"}}
[info] >  Method: GET | To: /users | Query: {"uid":"gpKqp6EtjQW34sI2zo0AWUrvANV2"} {"user":"Method: GET | To: /users | Query: {\"uid\":\"gpKqp6EtjQW34sI2zo0AWUrvANV2\"}","metadata":{"emulator":{"name":"functions"},"message":"\u001b[90m> \u001b[39m Method: GET | To: /users | Query: {\"uid\":\"gpKqp6EtjQW34sI2zo0AWUrvANV2\"}"}}
[info] >  Method: PUT | To: /users/tasks {"user":"Method: PUT | To: /users/tasks","metadata":{"emulator":{"name":"functions"},"message":"\u001b[90m> \u001b[39m Method: PUT | To: /users/tasks"}}
[info] >  gpKqp6EtjQW34sI2zo0AWUrvANV2 2 {"user":"gpKqp6EtjQW34sI2zo0AWUrvANV2 2","metadata":{"emulator":{"name":"functions"},"message":"\u001b[90m> \u001b[39m gpKqp6EtjQW34sI2zo0AWUrvANV2 2"}}
[info] >  Method: PUT | To: /users/tasks {"user":"Method: PUT | To: /users/tasks","metadata":{"emulator":{"name":"functions"},"message":"\u001b[90m> \u001b[39m Method: PUT | To: /users/tasks"}}
[info] >  gpKqp6EtjQW34sI2zo0AWUrvANV2 2 {"user":"gpKqp6EtjQW34sI2zo0AWUrvANV2 2","metadata":{"emulator":{"name":"functions"},"message":"\u001b[90m> \u001b[39m gpKqp6EtjQW34sI2zo0AWUrvANV2 2"}}
[info] >  Method: PUT | To: /users/tasks {"user":"Method: PUT | To: /users/tasks","metadata":{"emulator":{"name":"functions"},"message":"\u001b[90m> \u001b[39m Method: PUT | To: /users/tasks"}}
[info] >  gpKqp6EtjQW34sI2zo0AWUrvANV2 2 {"user":"gpKqp6EtjQW34sI2zo0AWUrvANV2 2","metadata":{"emulator":{"name":"functions"},"message":"\u001b[90m> \u001b[39m gpKqp6EtjQW34sI2zo0AWUrvANV2 2"}}
[info] >  Method: PUT | To: /users/tasks {"user":"Method: PUT | To: /users/tasks","metadata":{"emulator":{"name":"functions"},"message":"\u001b[90m> \u001b[39m Method: PUT | To: /users/tasks"}}
[info] >  gpKqp6EtjQW34sI2zo0AWUrvANV2 2 {"user":"gpKqp6EtjQW34sI2zo0AWUrvANV2 2","metadata":{"emulator":{"name":"functions"},"message":"\u001b[90m> \u001b[39m gpKqp6EtjQW34sI2zo0AWUrvANV2 2"}}
[info] >  Method: PUT | To: /users/tasks {"user":"Method: PUT | To: /users/tasks","metadata":{"emulator":{"name":"functions"},"message":"\u001b[90m> \u001b[39m Method: PUT | To: /users/tasks"}}
[info] >  gpKqp6EtjQW34sI2zo0AWUrvANV2 2 {"user":"gpKqp6EtjQW34sI2zo0AWUrvANV2 2","metadata":{"emulator":{"name":"functions"},"message":"\u001b[90m> \u001b[39m gpKqp6EtjQW34sI2zo0AWUrvANV2 2"}}
[info] >  Method: PUT | To: /users/tasks {"user":"Method: PUT | To: /users/tasks","metadata":{"emulator":{"name":"functions"},"message":"\u001b[90m> \u001b[39m Method: PUT | To: /users/tasks"}}
[info] >  gpKqp6EtjQW34sI2zo0AWUrvANV2 2 {"user":"gpKqp6EtjQW34sI2zo0AWUrvANV2 2","metadata":{"emulator":{"name":"functions"},"message":"\u001b[90m> \u001b[39m gpKqp6EtjQW34sI2zo0AWUrvANV2 2"}}
[info] >  Method: PUT | To: /users/tasks {"user":"Method: PUT | To: /users/tasks","metadata":{"emulator":{"name":"functions"},"message":"\u001b[90m> \u001b[39m Method: PUT | To: /users/tasks"}}
[info] >  gpKqp6EtjQW34sI2zo0AWUrvANV2 2 {"user":"gpKqp6EtjQW34sI2zo0AWUrvANV2 2","metadata":{"emulator":{"name":"functions"},"message":"\u001b[90m> \u001b[39m gpKqp6EtjQW34sI2zo0AWUrvANV2 2"}}
[info] >  Method: PUT | To: /users/tasks {"user":"Method: PUT | To: /users/tasks","metadata":{"emulator":{"name":"functions"},"message":"\u001b[90m> \u001b[39m Method: PUT | To: /users/tasks"}}
[info] >  gpKqp6EtjQW34sI2zo0AWUrvANV2 2 {"user":"gpKqp6EtjQW34sI2zo0AWUrvANV2 2","metadata":{"emulator":{"name":"functions"},"message":"\u001b[90m> \u001b[39m gpKqp6EtjQW34sI2zo0AWUrvANV2 2"}}
[info] >  Method: PUT | To: /users/tasks {"user":"Method: PUT | To: /users/tasks","metadata":{"emulator":{"name":"functions"},"message":"\u001b[90m> \u001b[39m Method: PUT | To: /users/tasks"}}
[info] >  gpKqp6EtjQW34sI2zo0AWUrvANV2 2 {"user":"gpKqp6EtjQW34sI2zo0AWUrvANV2 2","metadata":{"emulator":{"name":"functions"},"message":"\u001b[90m> \u001b[39m gpKqp6EtjQW34sI2zo0AWUrvANV2 2"}}
[info] >  Method: PUT | To: /users/tasks {"user":"Method: PUT | To: /users/tasks","metadata":{"emulator":{"name":"functions"},"message":"\u001b[90m> \u001b[39m Method: PUT | To: /users/tasks"}}
[info] >  gpKqp6EtjQW34sI2zo0AWUrvANV2 2 {"user":"gpKqp6EtjQW34sI2zo0AWUrvANV2 2","metadata":{"emulator":{"name":"functions"},"message":"\u001b[90m> \u001b[39m gpKqp6EtjQW34sI2zo0AWUrvANV2 2"}}
[info] >  Method: PUT | To: /users/tasks {"user":"Method: PUT | To: /users/tasks","metadata":{"emulator":{"name":"functions"},"message":"\u001b[90m> \u001b[39m Method: PUT | To: /users/tasks"}}
[info] >  gpKqp6EtjQW34sI2zo0AWUrvANV2 2 {"user":"gpKqp6EtjQW34sI2zo0AWUrvANV2 2","metadata":{"emulator":{"name":"functions"},"message":"\u001b[90m> \u001b[39m gpKqp6EtjQW34sI2zo0AWUrvANV2 2"}}
[info] >  Method: PUT | To: /users/tasks {"user":"Method: PUT | To: /users/tasks","metadata":{"emulator":{"name":"functions"},"message":"\u001b[90m> \u001b[39m Method: PUT | To: /users/tasks"}}
[info] >  gpKqp6EtjQW34sI2zo0AWUrvANV2 2 {"user":"gpKqp6EtjQW34sI2zo0AWUrvANV2 2","metadata":{"emulator":{"name":"functions"},"message":"\u001b[90m> \u001b[39m gpKqp6EtjQW34sI2zo0AWUrvANV2 2"}}
[info] >  Method: PUT | To: /users/tasks {"user":"Method: PUT | To: /users/tasks","metadata":{"emulator":{"name":"functions"},"message":"\u001b[90m> \u001b[39m Method: PUT | To: /users/tasks"}}
[info] >  gpKqp6EtjQW34sI2zo0AWUrvANV2 3 {"user":"gpKqp6EtjQW34sI2zo0AWUrvANV2 3","metadata":{"emulator":{"name":"functions"},"message":"\u001b[90m> \u001b[39m gpKqp6EtjQW34sI2zo0AWUrvANV2 3"}}
[info] >  Method: PUT | To: /users/tasks {"user":"Method: PUT | To: /users/tasks","metadata":{"emulator":{"name":"functions"},"message":"\u001b[90m> \u001b[39m Method: PUT | To: /users/tasks"}}
[info] >  gpKqp6EtjQW34sI2zo0AWUrvANV2 3 {"user":"gpKqp6EtjQW34sI2zo0AWUrvANV2 3","metadata":{"emulator":{"name":"functions"},"message":"\u001b[90m> \u001b[39m gpKqp6EtjQW34sI2zo0AWUrvANV2 3"}}
[info] >  Method: PUT | To: /users/tasks {"user":"Method: PUT | To: /users/tasks","metadata":{"emulator":{"name":"functions"},"message":"\u001b[90m> \u001b[39m Method: PUT | To: /users/tasks"}}
[info] >  gpKqp6EtjQW34sI2zo0AWUrvANV2 3 {"user":"gpKqp6EtjQW34sI2zo0AWUrvANV2 3","metadata":{"emulator":{"name":"functions"},"message":"\u001b[90m> \u001b[39m gpKqp6EtjQW34sI2zo0AWUrvANV2 3"}}
[info] >  Method: PUT | To: /users/tasks {"user":"Method: PUT | To: /users/tasks","metadata":{"emulator":{"name":"functions"},"message":"\u001b[90m> \u001b[39m Method: PUT | To: /users/tasks"}}
[info] >  gpKqp6EtjQW34sI2zo0AWUrvANV2 3 {"user":"gpKqp6EtjQW34sI2zo0AWUrvANV2 3","metadata":{"emulator":{"name":"functions"},"message":"\u001b[90m> \u001b[39m gpKqp6EtjQW34sI2zo0AWUrvANV2 3"}}
[info] >  Method: PUT | To: /users/tasks {"user":"Method: PUT | To: /users/tasks","metadata":{"emulator":{"name":"functions"},"message":"\u001b[90m> \u001b[39m Method: PUT | To: /users/tasks"}}
[info] >  gpKqp6EtjQW34sI2zo0AWUrvANV2 3 {"user":"gpKqp6EtjQW34sI2zo0AWUrvANV2 3","metadata":{"emulator":{"name":"functions"},"message":"\u001b[90m> \u001b[39m gpKqp6EtjQW34sI2zo0AWUrvANV2 3"}}
[info] >  Method: PUT | To: /users/tasks {"user":"Method: PUT | To: /users/tasks","metadata":{"emulator":{"name":"functions"},"message":"\u001b[90m> \u001b[39m Method: PUT | To: /users/tasks"}}
[info] >  gpKqp6EtjQW34sI2zo0AWUrvANV2 3 {"user":"gpKqp6EtjQW34sI2zo0AWUrvANV2 3","metadata":{"emulator":{"name":"functions"},"message":"\u001b[90m> \u001b[39m gpKqp6EtjQW34sI2zo0AWUrvANV2 3"}}
[info] >  Method: PUT | To: /users/tasks {"user":"Method: PUT | To: /users/tasks","metadata":{"emulator":{"name":"functions"},"message":"\u001b[90m> \u001b[39m Method: PUT | To: /users/tasks"}}
[info] >  gpKqp6EtjQW34sI2zo0AWUrvANV2 3 {"user":"gpKqp6EtjQW34sI2zo0AWUrvANV2 3","metadata":{"emulator":{"name":"functions"},"message":"\u001b[90m> \u001b[39m gpKqp6EtjQW34sI2zo0AWUrvANV2 3"}}
[info] >  Method: PUT | To: /users/tasks {"user":"Method: PUT | To: /users/tasks","metadata":{"emulator":{"name":"functions"},"message":"\u001b[90m> \u001b[39m Method: PUT | To: /users/tasks"}}
[info] >  gpKqp6EtjQW34sI2zo0AWUrvANV2 3 {"user":"gpKqp6EtjQW34sI2zo0AWUrvANV2 3","metadata":{"emulator":{"name":"functions"},"message":"\u001b[90m> \u001b[39m gpKqp6EtjQW34sI2zo0AWUrvANV2 3"}}
[info] >  Method: PUT | To: /users/tasks {"user":"Method: PUT | To: /users/tasks","metadata":{"emulator":{"name":"functions"},"message":"\u001b[90m> \u001b[39m Method: PUT | To: /users/tasks"}}
[info] >  gpKqp6EtjQW34sI2zo0AWUrvANV2 3 {"user":"gpKqp6EtjQW34sI2zo0AWUrvANV2 3","metadata":{"emulator":{"name":"functions"},"message":"\u001b[90m> \u001b[39m gpKqp6EtjQW34sI2zo0AWUrvANV2 3"}}
[info] >  Method: PUT | To: /users/tasks {"user":"Method: PUT | To: /users/tasks","metadata":{"emulator":{"name":"functions"},"message":"\u001b[90m> \u001b[39m Method: PUT | To: /users/tasks"}}
[info] >  gpKqp6EtjQW34sI2zo0AWUrvANV2 3 {"user":"gpKqp6EtjQW34sI2zo0AWUrvANV2 3","metadata":{"emulator":{"name":"functions"},"message":"\u001b[90m> \u001b[39m gpKqp6EtjQW34sI2zo0AWUrvANV2 3"}}
[info] >  Method: PUT | To: /users/tasks {"user":"Method: PUT | To: /users/tasks","metadata":{"emulator":{"name":"functions"},"message":"\u001b[90m> \u001b[39m Method: PUT | To: /users/tasks"}}
[info] >  gpKqp6EtjQW34sI2zo0AWUrvANV2 3 {"user":"gpKqp6EtjQW34sI2zo0AWUrvANV2 3","metadata":{"emulator":{"name":"functions"},"message":"\u001b[90m> \u001b[39m gpKqp6EtjQW34sI2zo0AWUrvANV2 3"}}
[info] >  Method: PUT | To: /users/tasks {"user":"Method: PUT | To: /users/tasks","metadata":{"emulator":{"name":"functions"},"message":"\u001b[90m> \u001b[39m Method: PUT | To: /users/tasks"}}
[info] >  gpKqp6EtjQW34sI2zo0AWUrvANV2 3 {"user":"gpKqp6EtjQW34sI2zo0AWUrvANV2 3","metadata":{"emulator":{"name":"functions"},"message":"\u001b[90m> \u001b[39m gpKqp6EtjQW34sI2zo0AWUrvANV2 3"}}
[info] >  Method: PUT | To: /users/tasks {"user":"Method: PUT | To: /users/tasks","metadata":{"emulator":{"name":"functions"},"message":"\u001b[90m> \u001b[39m Method: PUT | To: /users/tasks"}}
[info] >  gpKqp6EtjQW34sI2zo0AWUrvANV2 3 {"user":"gpKqp6EtjQW34sI2zo0AWUrvANV2 3","metadata":{"emulator":{"name":"functions"},"message":"\u001b[90m> \u001b[39m gpKqp6EtjQW34sI2zo0AWUrvANV2 3"}}
[info] >  Method: PUT | To: /users/tasks {"user":"Method: PUT | To: /users/tasks","metadata":{"emulator":{"name":"functions"},"message":"\u001b[90m> \u001b[39m Method: PUT | To: /users/tasks"}}
[info] >  gpKqp6EtjQW34sI2zo0AWUrvANV2 3 {"user":"gpKqp6EtjQW34sI2zo0AWUrvANV2 3","metadata":{"emulator":{"name":"functions"},"message":"\u001b[90m> \u001b[39m gpKqp6EtjQW34sI2zo0AWUrvANV2 3"}}
[info] >  Method: GET | To: /users | Query: {"uid":"gpKqp6EtjQW34sI2zo0AWUrvANV2"} {"user":"Method: GET | To: /users | Query: {\"uid\":\"gpKqp6EtjQW34sI2zo0AWUrvANV2\"}","metadata":{"emulator":{"name":"functions"},"message":"\u001b[90m> \u001b[39m Method: GET | To: /users | Query: {\"uid\":\"gpKqp6EtjQW34sI2zo0AWUrvANV2\"}"}}
[info] >  Method: PUT | To: /users/tasks {"user":"Method: PUT | To: /users/tasks","metadata":{"emulator":{"name":"functions"},"message":"\u001b[90m> \u001b[39m Method: PUT | To: /users/tasks"}}
[info] >  gpKqp6EtjQW34sI2zo0AWUrvANV2 3 {"user":"gpKqp6EtjQW34sI2zo0AWUrvANV2 3","metadata":{"emulator":{"name":"functions"},"message":"\u001b[90m> \u001b[39m gpKqp6EtjQW34sI2zo0AWUrvANV2 3"}}
[info] >  Method: PUT | To: /users/tasks {"user":"Method: PUT | To: /users/tasks","metadata":{"emulator":{"name":"functions"},"message":"\u001b[90m> \u001b[39m Method: PUT | To: /users/tasks"}}
[info] >  gpKqp6EtjQW34sI2zo0AWUrvANV2 3 {"user":"gpKqp6EtjQW34sI2zo0AWUrvANV2 3","metadata":{"emulator":{"name":"functions"},"message":"\u001b[90m> \u001b[39m gpKqp6EtjQW34sI2zo0AWUrvANV2 3"}}
[info] >  Method: PUT | To: /users/tasks {"user":"Method: PUT | To: /users/tasks","metadata":{"emulator":{"name":"functions"},"message":"\u001b[90m> \u001b[39m Method: PUT | To: /users/tasks"}}
[info] >  gpKqp6EtjQW34sI2zo0AWUrvANV2 3 {"user":"gpKqp6EtjQW34sI2zo0AWUrvANV2 3","metadata":{"emulator":{"name":"functions"},"message":"\u001b[90m> \u001b[39m gpKqp6EtjQW34sI2zo0AWUrvANV2 3"}}
[info] >  Method: PUT | To: /users/tasks {"user":"Method: PUT | To: /users/tasks","metadata":{"emulator":{"name":"functions"},"message":"\u001b[90m> \u001b[39m Method: PUT | To: /users/tasks"}}
[info] >  gpKqp6EtjQW34sI2zo0AWUrvANV2 3 {"user":"gpKqp6EtjQW34sI2zo0AWUrvANV2 3","metadata":{"emulator":{"name":"functions"},"message":"\u001b[90m> \u001b[39m gpKqp6EtjQW34sI2zo0AWUrvANV2 3"}}
[info] >  Method: GET | To: /users | Query: {"uid":"gpKqp6EtjQW34sI2zo0AWUrvANV2"} {"user":"Method: GET | To: /users | Query: {\"uid\":\"gpKqp6EtjQW34sI2zo0AWUrvANV2\"}","metadata":{"emulator":{"name":"functions"},"message":"\u001b[90m> \u001b[39m Method: GET | To: /users | Query: {\"uid\":\"gpKqp6EtjQW34sI2zo0AWUrvANV2\"}"}}
[info] >  Method: PUT | To: /users/tasks {"user":"Method: PUT | To: /users/tasks","metadata":{"emulator":{"name":"functions"},"message":"\u001b[90m> \u001b[39m Method: PUT | To: /users/tasks"}}
[info] >  gpKqp6EtjQW34sI2zo0AWUrvANV2 2 {"user":"gpKqp6EtjQW34sI2zo0AWUrvANV2 2","metadata":{"emulator":{"name":"functions"},"message":"\u001b[90m> \u001b[39m gpKqp6EtjQW34sI2zo0AWUrvANV2 2"}}
[info] >  Method: PUT | To: /users/tasks {"user":"Method: PUT | To: /users/tasks","metadata":{"emulator":{"name":"functions"},"message":"\u001b[90m> \u001b[39m Method: PUT | To: /users/tasks"}}
[info] >  gpKqp6EtjQW34sI2zo0AWUrvANV2 2 {"user":"gpKqp6EtjQW34sI2zo0AWUrvANV2 2","metadata":{"emulator":{"name":"functions"},"message":"\u001b[90m> \u001b[39m gpKqp6EtjQW34sI2zo0AWUrvANV2 2"}}
[info] >  Method: PUT | To: /users/tasks {"user":"Method: PUT | To: /users/tasks","metadata":{"emulator":{"name":"functions"},"message":"\u001b[90m> \u001b[39m Method: PUT | To: /users/tasks"}}
[info] >  gpKqp6EtjQW34sI2zo0AWUrvANV2 2 {"user":"gpKqp6EtjQW34sI2zo0AWUrvANV2 2","metadata":{"emulator":{"name":"functions"},"message":"\u001b[90m> \u001b[39m gpKqp6EtjQW34sI2zo0AWUrvANV2 2"}}
[info] >  Method: PUT | To: /users/tasks {"user":"Method: PUT | To: /users/tasks","metadata":{"emulator":{"name":"functions"},"message":"\u001b[90m> \u001b[39m Method: PUT | To: /users/tasks"}}
[info] >  gpKqp6EtjQW34sI2zo0AWUrvANV2 2 {"user":"gpKqp6EtjQW34sI2zo0AWUrvANV2 2","metadata":{"emulator":{"name":"functions"},"message":"\u001b[90m> \u001b[39m gpKqp6EtjQW34sI2zo0AWUrvANV2 2"}}
[info] >  Method: PUT | To: /users/tasks {"user":"Method: PUT | To: /users/tasks","metadata":{"emulator":{"name":"functions"},"message":"\u001b[90m> \u001b[39m Method: PUT | To: /users/tasks"}}
[info] >  gpKqp6EtjQW34sI2zo0AWUrvANV2 2 {"user":"gpKqp6EtjQW34sI2zo0AWUrvANV2 2","metadata":{"emulator":{"name":"functions"},"message":"\u001b[90m> \u001b[39m gpKqp6EtjQW34sI2zo0AWUrvANV2 2"}}
[info] >  Method: PUT | To: /users/tasks {"user":"Method: PUT | To: /users/tasks","metadata":{"emulator":{"name":"functions"},"message":"\u001b[90m> \u001b[39m Method: PUT | To: /users/tasks"}}
[info] >  gpKqp6EtjQW34sI2zo0AWUrvANV2 2 {"user":"gpKqp6EtjQW34sI2zo0AWUrvANV2 2","metadata":{"emulator":{"name":"functions"},"message":"\u001b[90m> \u001b[39m gpKqp6EtjQW34sI2zo0AWUrvANV2 2"}}
[info] >  Method: PUT | To: /users/tasks {"user":"Method: PUT | To: /users/tasks","metadata":{"emulator":{"name":"functions"},"message":"\u001b[90m> \u001b[39m Method: PUT | To: /users/tasks"}}
[info] >  gpKqp6EtjQW34sI2zo0AWUrvANV2 2 {"user":"gpKqp6EtjQW34sI2zo0AWUrvANV2 2","metadata":{"emulator":{"name":"functions"},"message":"\u001b[90m> \u001b[39m gpKqp6EtjQW34sI2zo0AWUrvANV2 2"}}
[info] >  Method: PUT | To: /users/tasks {"user":"Method: PUT | To: /users/tasks","metadata":{"emulator":{"name":"functions"},"message":"\u001b[90m> \u001b[39m Method: PUT | To: /users/tasks"}}
[info] >  gpKqp6EtjQW34sI2zo0AWUrvANV2 2 {"user":"gpKqp6EtjQW34sI2zo0AWUrvANV2 2","metadata":{"emulator":{"name":"functions"},"message":"\u001b[90m> \u001b[39m gpKqp6EtjQW34sI2zo0AWUrvANV2 2"}}
[info] >  Method: PUT | To: /users/tasks {"user":"Method: PUT | To: /users/tasks","metadata":{"emulator":{"name":"functions"},"message":"\u001b[90m> \u001b[39m Method: PUT | To: /users/tasks"}}
[info] >  gpKqp6EtjQW34sI2zo0AWUrvANV2 2 {"user":"gpKqp6EtjQW34sI2zo0AWUrvANV2 2","metadata":{"emulator":{"name":"functions"},"message":"\u001b[90m> \u001b[39m gpKqp6EtjQW34sI2zo0AWUrvANV2 2"}}
[info] >  Method: PUT | To: /users/tasks {"user":"Method: PUT | To: /users/tasks","metadata":{"emulator":{"name":"functions"},"message":"\u001b[90m> \u001b[39m Method: PUT | To: /users/tasks"}}
[info] >  gpKqp6EtjQW34sI2zo0AWUrvANV2 2 {"user":"gpKqp6EtjQW34sI2zo0AWUrvANV2 2","metadata":{"emulator":{"name":"functions"},"message":"\u001b[90m> \u001b[39m gpKqp6EtjQW34sI2zo0AWUrvANV2 2"}}
[info] >  Method: PUT | To: /users/tasks {"user":"Method: PUT | To: /users/tasks","metadata":{"emulator":{"name":"functions"},"message":"\u001b[90m> \u001b[39m Method: PUT | To: /users/tasks"}}
[info] >  gpKqp6EtjQW34sI2zo0AWUrvANV2 2 {"user":"gpKqp6EtjQW34sI2zo0AWUrvANV2 2","metadata":{"emulator":{"name":"functions"},"message":"\u001b[90m> \u001b[39m gpKqp6EtjQW34sI2zo0AWUrvANV2 2"}}
[info] >  Method: PUT | To: /users/tasks {"user":"Method: PUT | To: /users/tasks","metadata":{"emulator":{"name":"functions"},"message":"\u001b[90m> \u001b[39m Method: PUT | To: /users/tasks"}}
[info] >  gpKqp6EtjQW34sI2zo0AWUrvANV2 2 {"user":"gpKqp6EtjQW34sI2zo0AWUrvANV2 2","metadata":{"emulator":{"name":"functions"},"message":"\u001b[90m> \u001b[39m gpKqp6EtjQW34sI2zo0AWUrvANV2 2"}}
[info] >  Method: PUT | To: /users/tasks {"user":"Method: PUT | To: /users/tasks","metadata":{"emulator":{"name":"functions"},"message":"\u001b[90m> \u001b[39m Method: PUT | To: /users/tasks"}}
[info] >  gpKqp6EtjQW34sI2zo0AWUrvANV2 2 {"user":"gpKqp6EtjQW34sI2zo0AWUrvANV2 2","metadata":{"emulator":{"name":"functions"},"message":"\u001b[90m> \u001b[39m gpKqp6EtjQW34sI2zo0AWUrvANV2 2"}}
[info] >  Method: PUT | To: /users/tasks {"user":"Method: PUT | To: /users/tasks","metadata":{"emulator":{"name":"functions"},"message":"\u001b[90m> \u001b[39m Method: PUT | To: /users/tasks"}}
[info] >  gpKqp6EtjQW34sI2zo0AWUrvANV2 2 {"user":"gpKqp6EtjQW34sI2zo0AWUrvANV2 2","metadata":{"emulator":{"name":"functions"},"message":"\u001b[90m> \u001b[39m gpKqp6EtjQW34sI2zo0AWUrvANV2 2"}}
[info] >  Method: PUT | To: /users/tasks {"user":"Method: PUT | To: /users/tasks","metadata":{"emulator":{"name":"functions"},"message":"\u001b[90m> \u001b[39m Method: PUT | To: /users/tasks"}}
[info] >  gpKqp6EtjQW34sI2zo0AWUrvANV2 2 {"user":"gpKqp6EtjQW34sI2zo0AWUrvANV2 2","metadata":{"emulator":{"name":"functions"},"message":"\u001b[90m> \u001b[39m gpKqp6EtjQW34sI2zo0AWUrvANV2 2"}}
[info] >  Method: PUT | To: /users/tasks {"user":"Method: PUT | To: /users/tasks","metadata":{"emulator":{"name":"functions"},"message":"\u001b[90m> \u001b[39m Method: PUT | To: /users/tasks"}}
[info] >  gpKqp6EtjQW34sI2zo0AWUrvANV2 2 {"user":"gpKqp6EtjQW34sI2zo0AWUrvANV2 2","metadata":{"emulator":{"name":"functions"},"message":"\u001b[90m> \u001b[39m gpKqp6EtjQW34sI2zo0AWUrvANV2 2"}}
[info] >  Method: PUT | To: /users/tasks {"user":"Method: PUT | To: /users/tasks","metadata":{"emulator":{"name":"functions"},"message":"\u001b[90m> \u001b[39m Method: PUT | To: /users/tasks"}}
[info] >  gpKqp6EtjQW34sI2zo0AWUrvANV2 2 {"user":"gpKqp6EtjQW34sI2zo0AWUrvANV2 2","metadata":{"emulator":{"name":"functions"},"message":"\u001b[90m> \u001b[39m gpKqp6EtjQW34sI2zo0AWUrvANV2 2"}}
[info] >  Method: PUT | To: /users/tasks {"user":"Method: PUT | To: /users/tasks","metadata":{"emulator":{"name":"functions"},"message":"\u001b[90m> \u001b[39m Method: PUT | To: /users/tasks"}}
[info] >  gpKqp6EtjQW34sI2zo0AWUrvANV2 2 {"user":"gpKqp6EtjQW34sI2zo0AWUrvANV2 2","metadata":{"emulator":{"name":"functions"},"message":"\u001b[90m> \u001b[39m gpKqp6EtjQW34sI2zo0AWUrvANV2 2"}}
[info] >  Method: PUT | To: /users/tasks {"user":"Method: PUT | To: /users/tasks","metadata":{"emulator":{"name":"functions"},"message":"\u001b[90m> \u001b[39m Method: PUT | To: /users/tasks"}}
[info] >  gpKqp6EtjQW34sI2zo0AWUrvANV2 2 {"user":"gpKqp6EtjQW34sI2zo0AWUrvANV2 2","metadata":{"emulator":{"name":"functions"},"message":"\u001b[90m> \u001b[39m gpKqp6EtjQW34sI2zo0AWUrvANV2 2"}}
[info] >  Method: PUT | To: /users/tasks {"user":"Method: PUT | To: /users/tasks","metadata":{"emulator":{"name":"functions"},"message":"\u001b[90m> \u001b[39m Method: PUT | To: /users/tasks"}}
[info] >  gpKqp6EtjQW34sI2zo0AWUrvANV2 2 {"user":"gpKqp6EtjQW34sI2zo0AWUrvANV2 2","metadata":{"emulator":{"name":"functions"},"message":"\u001b[90m> \u001b[39m gpKqp6EtjQW34sI2zo0AWUrvANV2 2"}}
[info] >  Method: PUT | To: /users/tasks {"user":"Method: PUT | To: /users/tasks","metadata":{"emulator":{"name":"functions"},"message":"\u001b[90m> \u001b[39m Method: PUT | To: /users/tasks"}}
[info] >  gpKqp6EtjQW34sI2zo0AWUrvANV2 2 {"user":"gpKqp6EtjQW34sI2zo0AWUrvANV2 2","metadata":{"emulator":{"name":"functions"},"message":"\u001b[90m> \u001b[39m gpKqp6EtjQW34sI2zo0AWUrvANV2 2"}}
[info] >  Method: PUT | To: /users/tasks {"user":"Method: PUT | To: /users/tasks","metadata":{"emulator":{"name":"functions"},"message":"\u001b[90m> \u001b[39m Method: PUT | To: /users/tasks"}}
[info] >  gpKqp6EtjQW34sI2zo0AWUrvANV2 2 {"user":"gpKqp6EtjQW34sI2zo0AWUrvANV2 2","metadata":{"emulator":{"name":"functions"},"message":"\u001b[90m> \u001b[39m gpKqp6EtjQW34sI2zo0AWUrvANV2 2"}}
[info] >  Method: PUT | To: /users/tasks {"user":"Method: PUT | To: /users/tasks","metadata":{"emulator":{"name":"functions"},"message":"\u001b[90m> \u001b[39m Method: PUT | To: /users/tasks"}}
[info] >  gpKqp6EtjQW34sI2zo0AWUrvANV2 2 {"user":"gpKqp6EtjQW34sI2zo0AWUrvANV2 2","metadata":{"emulator":{"name":"functions"},"message":"\u001b[90m> \u001b[39m gpKqp6EtjQW34sI2zo0AWUrvANV2 2"}}
[info] >  Method: PUT | To: /users/tasks {"user":"Method: PUT | To: /users/tasks","metadata":{"emulator":{"name":"functions"},"message":"\u001b[90m> \u001b[39m Method: PUT | To: /users/tasks"}}
[info] >  gpKqp6EtjQW34sI2zo0AWUrvANV2 2 {"user":"gpKqp6EtjQW34sI2zo0AWUrvANV2 2","metadata":{"emulator":{"name":"functions"},"message":"\u001b[90m> \u001b[39m gpKqp6EtjQW34sI2zo0AWUrvANV2 2"}}
[info] >  Method: GET | To: /users | Query: {"uid":"gpKqp6EtjQW34sI2zo0AWUrvANV2"} {"user":"Method: GET | To: /users | Query: {\"uid\":\"gpKqp6EtjQW34sI2zo0AWUrvANV2\"}","metadata":{"emulator":{"name":"functions"},"message":"\u001b[90m> \u001b[39m Method: GET | To: /users | Query: {\"uid\":\"gpKqp6EtjQW34sI2zo0AWUrvANV2\"}"}}
[info] >  Method: GET | To: /users | Query: {"uid":"gpKqp6EtjQW34sI2zo0AWUrvANV2"} {"user":"Method: GET | To: /users | Query: {\"uid\":\"gpKqp6EtjQW34sI2zo0AWUrvANV2\"}","metadata":{"emulator":{"name":"functions"},"message":"\u001b[90m> \u001b[39m Method: GET | To: /users | Query: {\"uid\":\"gpKqp6EtjQW34sI2zo0AWUrvANV2\"}"}}
[info] >  Method: GET | To: /users | Query: {"uid":"gpKqp6EtjQW34sI2zo0AWUrvANV2"} {"user":"Method: GET | To: /users | Query: {\"uid\":\"gpKqp6EtjQW34sI2zo0AWUrvANV2\"}","metadata":{"emulator":{"name":"functions"},"message":"\u001b[90m> \u001b[39m Method: GET | To: /users | Query: {\"uid\":\"gpKqp6EtjQW34sI2zo0AWUrvANV2\"}"}}
[info] >  Method: GET | To: /users | Query: {"uid":"gpKqp6EtjQW34sI2zo0AWUrvANV2"} {"user":"Method: GET | To: /users | Query: {\"uid\":\"gpKqp6EtjQW34sI2zo0AWUrvANV2\"}","metadata":{"emulator":{"name":"functions"},"message":"\u001b[90m> \u001b[39m Method: GET | To: /users | Query: {\"uid\":\"gpKqp6EtjQW34sI2zo0AWUrvANV2\"}"}}
[info] >  Method: GET | To: /users | Query: {"uid":"gpKqp6EtjQW34sI2zo0AWUrvANV2"} {"user":"Method: GET | To: /users | Query: {\"uid\":\"gpKqp6EtjQW34sI2zo0AWUrvANV2\"}","metadata":{"emulator":{"name":"functions"},"message":"\u001b[90m> \u001b[39m Method: GET | To: /users | Query: {\"uid\":\"gpKqp6EtjQW34sI2zo0AWUrvANV2\"}"}}
[info] >  Method: GET | To: /users | Query: {"uid":"gpKqp6EtjQW34sI2zo0AWUrvANV2"} {"user":"Method: GET | To: /users | Query: {\"uid\":\"gpKqp6EtjQW34sI2zo0AWUrvANV2\"}","metadata":{"emulator":{"name":"functions"},"message":"\u001b[90m> \u001b[39m Method: GET | To: /users | Query: {\"uid\":\"gpKqp6EtjQW34sI2zo0AWUrvANV2\"}"}}
